2024-06-21T07:50:23+00:00 DEBUG 
[CheckData][sd_change_calculated_total] total: 256000
2024-06-21T07:50:23+00:00 DEBUG 
[CheckData][sd_change_calculated_total] total: 256000
2024-06-21T07:50:23+00:00 DEBUG 
[CheckData][sd_change_calculated_total] total: 256000
2024-06-21T07:50:23+00:00 DEBUG 
[CheckData][sd_change_calculated_total] total: 256000
2024-06-21T07:50:23+00:00 DEBUG 
[CheckData][sd_change_calculated_total] total aft: 256000
2024-06-21T07:50:23+00:00 DEBUG 
[CheckData][sd_change_calculated_total] total aft: 256000
2024-06-21T07:50:23+00:00 DEBUG 
[CheckData][sd_change_calculated_total] total aft: 256000
2024-06-21T07:50:23+00:00 DEBUG 
[CheckData][sd_change_calculated_total] total aft: 256000
2024-06-21T07:52:59+00:00 DEBUG 
[sd_add_meta_boxes] $post_type: popup
2024-06-21T07:52:59+00:00 DEBUG 
[sd_add_meta_boxes] $screen: woocommerce_page_wc-orders
2024-06-21T07:53:38+00:00 DEBUG 
[sd_add_meta_boxes] $post_type: blocks
2024-06-21T07:53:38+00:00 DEBUG 
[sd_add_meta_boxes] $screen: woocommerce_page_wc-orders
2024-06-21T07:54:46+00:00 DEBUG 
[sd_add_meta_boxes] $post_type: blocks
2024-06-21T07:54:46+00:00 DEBUG 
[sd_add_meta_boxes] $screen: woocommerce_page_wc-orders
2024-06-21T07:55:01+00:00 DEBUG 
[sd_add_meta_boxes] $post_type: blocks
2024-06-21T07:55:01+00:00 DEBUG 
[sd_add_meta_boxes] $screen: woocommerce_page_wc-orders
2024-06-21T07:55:28+00:00 DEBUG 
[sd_add_meta_boxes] $post_type: blocks
2024-06-21T07:55:28+00:00 DEBUG 
[sd_add_meta_boxes] $screen: woocommerce_page_wc-orders
2024-06-21T07:55:47+00:00 DEBUG 
[sd_add_meta_boxes] $post_type: popup
2024-06-21T07:55:47+00:00 DEBUG 
[sd_add_meta_boxes] $screen: woocommerce_page_wc-orders
2024-06-21T07:59:07+00:00 DEBUG 
[sd_add_meta_boxes] $post_type: popup
2024-06-21T07:59:07+00:00 DEBUG 
[sd_add_meta_boxes] $screen: woocommerce_page_wc-orders
2024-06-21T07:59:57+00:00 DEBUG 
[sd_add_meta_boxes] $post_type: popup
2024-06-21T07:59:57+00:00 DEBUG 
[sd_add_meta_boxes] $screen: woocommerce_page_wc-orders
2024-06-21T08:01:53+00:00 DEBUG 
[sd_add_meta_boxes] $post_type: popup
2024-06-21T08:01:53+00:00 DEBUG 
[sd_add_meta_boxes] $screen: woocommerce_page_wc-orders
2024-06-21T08:02:56+00:00 DEBUG 
[sd_add_meta_boxes] $post_type: popup
2024-06-21T08:02:56+00:00 DEBUG 
[sd_add_meta_boxes] $screen: woocommerce_page_wc-orders
2024-06-21T08:03:31+00:00 DEBUG 
[sd_add_meta_boxes] $post_type: popup
2024-06-21T08:03:31+00:00 DEBUG 
[sd_add_meta_boxes] $screen: woocommerce_page_wc-orders
2024-06-21T08:04:14+00:00 DEBUG 
[sd_add_meta_boxes] $post_type: popup
2024-06-21T08:04:14+00:00 DEBUG 
[sd_add_meta_boxes] $screen: woocommerce_page_wc-orders
2024-06-21T08:06:24+00:00 DEBUG 
[sd_add_meta_boxes] $post_type: popup
2024-06-21T08:06:24+00:00 DEBUG 
[sd_add_meta_boxes] $screen: woocommerce_page_wc-orders
2024-06-21T08:07:00+00:00 DEBUG 
[sd_add_meta_boxes] $post_type: popup
2024-06-21T08:07:00+00:00 DEBUG 
[sd_add_meta_boxes] $screen: woocommerce_page_wc-orders
2024-06-21T08:07:22+00:00 DEBUG 
[sd_add_meta_boxes] $post_type: popup
2024-06-21T08:07:22+00:00 DEBUG 
[sd_add_meta_boxes] $screen: woocommerce_page_wc-orders
2024-06-21T08:07:38+00:00 DEBUG 
[sd_add_meta_boxes] $post_type: popup
2024-06-21T08:07:38+00:00 DEBUG 
[sd_add_meta_boxes] $screen: woocommerce_page_wc-orders
2024-06-21T08:08:00+00:00 DEBUG 
[sd_add_meta_boxes] $post_type: popup
2024-06-21T08:08:00+00:00 DEBUG 
[sd_add_meta_boxes] $screen: woocommerce_page_wc-orders
2024-06-21T08:08:18+00:00 DEBUG 
[sd_add_meta_boxes] $post_type: popup
2024-06-21T08:08:18+00:00 DEBUG 
[sd_add_meta_boxes] $screen: woocommerce_page_wc-orders
2024-06-21T08:08:41+00:00 DEBUG 
[sd_add_meta_boxes] $post_type: popup
2024-06-21T08:08:41+00:00 DEBUG 
[sd_add_meta_boxes] $screen: woocommerce_page_wc-orders
2024-06-21T08:09:06+00:00 DEBUG 
[sd_add_meta_boxes] $post_type: popup
2024-06-21T08:09:06+00:00 DEBUG 
[sd_add_meta_boxes] $screen: woocommerce_page_wc-orders
2024-06-21T08:11:47+00:00 DEBUG 
[sd_add_meta_boxes] $post_type: popup
2024-06-21T08:11:47+00:00 DEBUG 
[sd_add_meta_boxes] $screen: woocommerce_page_wc-orders
2024-06-21T08:13:14+00:00 DEBUG 
---------------- Sub string 0-500---------------- 
[sd_filter_cart_needs_shipping] cartWC_Cart Object
(
    [cart_session_data] => Array
        (
            [cart_contents_total] => 0
            [total] => 0
            [subtotal] => 0
            [subtotal_ex_tax] => 0
            [tax_total] => 0
            [taxes] => Array
                (
                )

            [shipping_taxes] => Array
                (
                )

            [discount_cart] => 0
            [discount_cart_tax] => 0
            [shipping_total] => 0
   
---------------- End sub string ----------------
2024-06-21T08:13:14+00:00 DEBUG 
---------------- Sub string 0-500---------------- 
[sd_filter_cart_needs_shipping] cartWC_Cart Object
(
    [cart_session_data] => Array
        (
            [cart_contents_total] => 0
            [total] => 0
            [subtotal] => 0
            [subtotal_ex_tax] => 0
            [tax_total] => 0
            [taxes] => Array
                (
                )

            [shipping_taxes] => Array
                (
                )

            [discount_cart] => 0
            [discount_cart_tax] => 0
            [shipping_total] => 0
   
---------------- End sub string ----------------
2024-06-21T08:13:14+00:00 DEBUG 
[CheckData][sd_change_calculated_total] total: 256000
2024-06-21T08:13:14+00:00 DEBUG 
[CheckData][sd_change_calculated_total] total aft: 256000
2024-06-21T08:13:14+00:00 DEBUG 
---------------- Sub string 0-500---------------- 
[sd_filter_cart_needs_shipping] cartWC_Cart Object
(
    [cart_session_data] => Array
        (
            [cart_contents_total] => 0
            [total] => 0
            [subtotal] => 0
            [subtotal_ex_tax] => 0
            [tax_total] => 0
            [taxes] => Array
                (
                )

            [shipping_taxes] => Array
                (
                )

            [discount_cart] => 0
            [discount_cart_tax] => 0
            [shipping_total] => 0
   
---------------- End sub string ----------------
2024-06-21T08:13:14+00:00 DEBUG 
---------------- Sub string 0-500---------------- 
[sd_filter_cart_needs_shipping] cartWC_Cart Object
(
    [cart_session_data] => Array
        (
            [cart_contents_total] => 0
            [total] => 0
            [subtotal] => 0
            [subtotal_ex_tax] => 0
            [tax_total] => 0
            [taxes] => Array
                (
                )

            [shipping_taxes] => Array
                (
                )

            [discount_cart] => 0
            [discount_cart_tax] => 0
            [shipping_total] => 0
   
---------------- End sub string ----------------
2024-06-21T08:13:14+00:00 DEBUG 
---------------- Sub string 0-500---------------- 
[sd_filter_cart_needs_shipping] cartWC_Cart Object
(
    [cart_session_data] => Array
        (
            [cart_contents_total] => 0
            [total] => 0
            [subtotal] => 0
            [subtotal_ex_tax] => 0
            [tax_total] => 0
            [taxes] => Array
                (
                )

            [shipping_taxes] => Array
                (
                )

            [discount_cart] => 0
            [discount_cart_tax] => 0
            [shipping_total] => 0
   
---------------- End sub string ----------------
2024-06-21T08:13:14+00:00 DEBUG 
---------------- Sub string 0-500---------------- 
[sd_filter_cart_needs_shipping] cartWC_Cart Object
(
    [cart_session_data] => Array
        (
            [cart_contents_total] => 0
            [total] => 0
            [subtotal] => 0
            [subtotal_ex_tax] => 0
            [tax_total] => 0
            [taxes] => Array
                (
                )

            [shipping_taxes] => Array
                (
                )

            [discount_cart] => 0
            [discount_cart_tax] => 0
            [shipping_total] => 0
   
---------------- End sub string ----------------
2024-06-21T08:13:14+00:00 DEBUG 
---------------- Sub string 0-500---------------- 
[sd_filter_cart_needs_shipping] cartWC_Cart Object
(
    [cart_session_data] => Array
        (
            [cart_contents_total] => 0
            [total] => 0
            [subtotal] => 0
            [subtotal_ex_tax] => 0
            [tax_total] => 0
            [taxes] => Array
                (
                )

            [shipping_taxes] => Array
                (
                )

            [discount_cart] => 0
            [discount_cart_tax] => 0
            [shipping_total] => 0
   
---------------- End sub string ----------------
2024-06-21T08:13:14+00:00 DEBUG 
---------------- Sub string 0-500---------------- 
[sd_filter_cart_needs_shipping] cartWC_Cart Object
(
    [cart_session_data] => Array
        (
            [cart_contents_total] => 0
            [total] => 0
            [subtotal] => 0
            [subtotal_ex_tax] => 0
            [tax_total] => 0
            [taxes] => Array
                (
                )

            [shipping_taxes] => Array
                (
                )

            [discount_cart] => 0
            [discount_cart_tax] => 0
            [shipping_total] => 0
   
---------------- End sub string ----------------
2024-06-21T08:36:23+00:00 DEBUG 
[CheckData][sd_change_calculated_total] total: 335000
2024-06-21T08:36:23+00:00 DEBUG 
[CheckData][sd_change_calculated_total] total aft: 335000
2024-06-21T11:54:03+00:00 DEBUG 
[CheckData][sd_change_calculated_total] total: 58000
2024-06-21T11:54:03+00:00 DEBUG 
[CheckData][sd_change_calculated_total] total aft: 58000
